<?xml version="1.0" encoding="UTF-8"?>
<!-- Generated by org.testng.reporters.JUnitXMLReporter -->
<testsuite hostname="DESKTOP-JAU9Q83" ignored="0" name="Invite User Test" tests="3" failures="2" timestamp="2020-12-17T03:12:23 PKT" time="9.842" errors="0">
  <testcase name="inviteUsers" time="6.786" classname="com.leaseCrunch.testcases.LcAdminInviteUser"/>
  <testcase name="inviteUsers" time="1.123" classname="com.leaseCrunch.testcases.LcAdminInviteUser">
    <failure type="org.openqa.selenium.ElementClickInterceptedException" message="element click intercepted: Element &amp;lt;button class=&amp;quot;btn btn-primary btn-invite&amp;quot; id=&amp;quot;InviteUser&amp;quot;&amp;gt;...&amp;lt;/button&amp;gt; is not clickable at point (1172, 212). Other element would receive the click: &amp;lt;div class=&amp;quot;modal fade in&amp;quot; id=&amp;quot;InviteAdminUserModal&amp;quot; tabindex=&amp;quot;-1&amp;quot; role=&amp;quot;dialog&amp;quot; style=&amp;quot;display: block; padding-right: 17px;&amp;quot;&amp;gt;...&amp;lt;/div&amp;gt;
  (Session info: MicrosoftEdge=87.0.664.60)
Build info: version: &amp;apos;3.141.59&amp;apos;, revision: &amp;apos;e82be7d358&amp;apos;, time: &amp;apos;2018-11-14T08:17:03&amp;apos;
System info: host: &amp;apos;DESKTOP-JAU9Q83&amp;apos;, ip: &amp;apos;192.168.10.11&amp;apos;, os.name: &amp;apos;Windows 10&amp;apos;, os.arch: &amp;apos;amd64&amp;apos;, os.version: &amp;apos;10.0&amp;apos;, java.version: &amp;apos;1.8.0_261&amp;apos;
Driver info: org.openqa.selenium.edge.EdgeDriver
Capabilities {acceptInsecureCerts: false, browserName: msedge, browserVersion: 87.0.664.60, javascriptEnabled: true, ms:edgeOptions: {debuggerAddress: localhost:53083}, msedge: {msedgedriverVersion: 87.0.664.60 (23fbc5c433ca16..., userDataDir: C:\Users\Admin\AppData\Loca...}, networkConnectionEnabled: false, pageLoadStrategy: normal, platform: WINDOWS, platformName: WINDOWS, proxy: Proxy(), setWindowRect: true, strictFileInteractability: false, timeouts: {implicit: 0, pageLoad: 300000, script: 30000}, unhandledPromptBehavior: dismiss and notify, webauthn:virtualAuthenticators: true}
Session ID: 5c5117d0c5097089da5a9f5549caf8f4">
      <![CDATA[org.openqa.selenium.ElementClickInterceptedException: element click intercepted: Element <button class="btn btn-primary btn-invite" id="InviteUser">...</button> is not clickable at point (1172, 212). Other element would receive the click: <div class="modal fade in" id="InviteAdminUserModal" tabindex="-1" role="dialog" style="display: block; padding-right: 17px;">...</div>
  (Session info: MicrosoftEdge=87.0.664.60)
Build info: version: '3.141.59', revision: 'e82be7d358', time: '2018-11-14T08:17:03'
System info: host: 'DESKTOP-JAU9Q83', ip: '192.168.10.11', os.name: 'Windows 10', os.arch: 'amd64', os.version: '10.0', java.version: '1.8.0_261'
Driver info: org.openqa.selenium.edge.EdgeDriver
Capabilities {acceptInsecureCerts: false, browserName: msedge, browserVersion: 87.0.664.60, javascriptEnabled: true, ms:edgeOptions: {debuggerAddress: localhost:53083}, msedge: {msedgedriverVersion: 87.0.664.60 (23fbc5c433ca16..., userDataDir: C:\Users\Admin\AppData\Loca...}, networkConnectionEnabled: false, pageLoadStrategy: normal, platform: WINDOWS, platformName: WINDOWS, proxy: Proxy(), setWindowRect: true, strictFileInteractability: false, timeouts: {implicit: 0, pageLoad: 300000, script: 30000}, unhandledPromptBehavior: dismiss and notify, webauthn:virtualAuthenticators: true}
Session ID: 5c5117d0c5097089da5a9f5549caf8f4
at org.openqa.selenium.remote.http.W3CHttpResponseCodec.createException(W3CHttpResponseCodec.java:187)
at org.openqa.selenium.remote.http.W3CHttpResponseCodec.decode(W3CHttpResponseCodec.java:122)
at org.openqa.selenium.remote.http.W3CHttpResponseCodec.decode(W3CHttpResponseCodec.java:49)
at org.openqa.selenium.remote.HttpCommandExecutor.execute(HttpCommandExecutor.java:158)
at org.openqa.selenium.remote.service.DriverCommandExecutor.execute(DriverCommandExecutor.java:83)
at org.openqa.selenium.remote.RemoteWebDriver.execute(RemoteWebDriver.java:552)
at org.openqa.selenium.remote.RemoteWebElement.execute(RemoteWebElement.java:285)
at org.openqa.selenium.remote.RemoteWebElement.click(RemoteWebElement.java:84)
at com.leaseCrunch.base.TestBase.click(TestBase.java:118)
at com.leaseCrunch.testcases.LcAdminInviteUser.inviteUsers(LcAdminInviteUser.java:16)
at java.util.ArrayList.forEach(ArrayList.java:1259)
... Removed 31 stack frames]]>
    </failure>
  </testcase> <!-- inviteUsers -->
  <testcase name="inviteUsers" time="1.082" classname="com.leaseCrunch.testcases.LcAdminInviteUser">
    <failure type="org.openqa.selenium.ElementClickInterceptedException" message="element click intercepted: Element &amp;lt;button class=&amp;quot;btn btn-primary btn-invite&amp;quot; id=&amp;quot;InviteUser&amp;quot;&amp;gt;...&amp;lt;/button&amp;gt; is not clickable at point (1172, 212). Other element would receive the click: &amp;lt;div class=&amp;quot;modal fade in&amp;quot; id=&amp;quot;InviteAdminUserModal&amp;quot; tabindex=&amp;quot;-1&amp;quot; role=&amp;quot;dialog&amp;quot; style=&amp;quot;display: block; padding-right: 17px;&amp;quot;&amp;gt;...&amp;lt;/div&amp;gt;
  (Session info: MicrosoftEdge=87.0.664.60)
Build info: version: &amp;apos;3.141.59&amp;apos;, revision: &amp;apos;e82be7d358&amp;apos;, time: &amp;apos;2018-11-14T08:17:03&amp;apos;
System info: host: &amp;apos;DESKTOP-JAU9Q83&amp;apos;, ip: &amp;apos;192.168.10.11&amp;apos;, os.name: &amp;apos;Windows 10&amp;apos;, os.arch: &amp;apos;amd64&amp;apos;, os.version: &amp;apos;10.0&amp;apos;, java.version: &amp;apos;1.8.0_261&amp;apos;
Driver info: org.openqa.selenium.edge.EdgeDriver
Capabilities {acceptInsecureCerts: false, browserName: msedge, browserVersion: 87.0.664.60, javascriptEnabled: true, ms:edgeOptions: {debuggerAddress: localhost:53083}, msedge: {msedgedriverVersion: 87.0.664.60 (23fbc5c433ca16..., userDataDir: C:\Users\Admin\AppData\Loca...}, networkConnectionEnabled: false, pageLoadStrategy: normal, platform: WINDOWS, platformName: WINDOWS, proxy: Proxy(), setWindowRect: true, strictFileInteractability: false, timeouts: {implicit: 0, pageLoad: 300000, script: 30000}, unhandledPromptBehavior: dismiss and notify, webauthn:virtualAuthenticators: true}
Session ID: 5c5117d0c5097089da5a9f5549caf8f4">
      <![CDATA[org.openqa.selenium.ElementClickInterceptedException: element click intercepted: Element <button class="btn btn-primary btn-invite" id="InviteUser">...</button> is not clickable at point (1172, 212). Other element would receive the click: <div class="modal fade in" id="InviteAdminUserModal" tabindex="-1" role="dialog" style="display: block; padding-right: 17px;">...</div>
  (Session info: MicrosoftEdge=87.0.664.60)
Build info: version: '3.141.59', revision: 'e82be7d358', time: '2018-11-14T08:17:03'
System info: host: 'DESKTOP-JAU9Q83', ip: '192.168.10.11', os.name: 'Windows 10', os.arch: 'amd64', os.version: '10.0', java.version: '1.8.0_261'
Driver info: org.openqa.selenium.edge.EdgeDriver
Capabilities {acceptInsecureCerts: false, browserName: msedge, browserVersion: 87.0.664.60, javascriptEnabled: true, ms:edgeOptions: {debuggerAddress: localhost:53083}, msedge: {msedgedriverVersion: 87.0.664.60 (23fbc5c433ca16..., userDataDir: C:\Users\Admin\AppData\Loca...}, networkConnectionEnabled: false, pageLoadStrategy: normal, platform: WINDOWS, platformName: WINDOWS, proxy: Proxy(), setWindowRect: true, strictFileInteractability: false, timeouts: {implicit: 0, pageLoad: 300000, script: 30000}, unhandledPromptBehavior: dismiss and notify, webauthn:virtualAuthenticators: true}
Session ID: 5c5117d0c5097089da5a9f5549caf8f4
at org.openqa.selenium.remote.http.W3CHttpResponseCodec.createException(W3CHttpResponseCodec.java:187)
at org.openqa.selenium.remote.http.W3CHttpResponseCodec.decode(W3CHttpResponseCodec.java:122)
at org.openqa.selenium.remote.http.W3CHttpResponseCodec.decode(W3CHttpResponseCodec.java:49)
at org.openqa.selenium.remote.HttpCommandExecutor.execute(HttpCommandExecutor.java:158)
at org.openqa.selenium.remote.service.DriverCommandExecutor.execute(DriverCommandExecutor.java:83)
at org.openqa.selenium.remote.RemoteWebDriver.execute(RemoteWebDriver.java:552)
at org.openqa.selenium.remote.RemoteWebElement.execute(RemoteWebElement.java:285)
at org.openqa.selenium.remote.RemoteWebElement.click(RemoteWebElement.java:84)
at com.leaseCrunch.base.TestBase.click(TestBase.java:118)
at com.leaseCrunch.testcases.LcAdminInviteUser.inviteUsers(LcAdminInviteUser.java:16)
at java.util.ArrayList.forEach(ArrayList.java:1259)
... Removed 31 stack frames]]>
    </failure>
  </testcase> <!-- inviteUsers -->
</testsuite> <!-- Invite User Test -->
